mode: set
testcontainers-demo/repository/user_repository.go:25.52,27.2 1 1
testcontainers-demo/repository/user_repository.go:30.64,41.26 4 1
testcontainers-demo/repository/user_repository.go:41.26,43.3 1 1
testcontainers-demo/repository/user_repository.go:44.2,44.16 1 1
testcontainers-demo/repository/user_repository.go:44.16,46.3 1 0
testcontainers-demo/repository/user_repository.go:48.2,48.19 1 1
testcontainers-demo/repository/user_repository.go:52.73,63.26 4 1
testcontainers-demo/repository/user_repository.go:63.26,65.3 1 1
testcontainers-demo/repository/user_repository.go:66.2,66.16 1 1
testcontainers-demo/repository/user_repository.go:66.16,68.3 1 0
testcontainers-demo/repository/user_repository.go:70.2,70.19 1 1
testcontainers-demo/repository/user_repository.go:78.75,93.16 4 1
testcontainers-demo/repository/user_repository.go:93.16,95.3 1 1
testcontainers-demo/repository/user_repository.go:97.2,97.19 1 1
testcontainers-demo/repository/user_repository.go:101.67,105.16 3 1
testcontainers-demo/repository/user_repository.go:105.16,107.3 1 0
testcontainers-demo/repository/user_repository.go:109.2,110.16 2 1
testcontainers-demo/repository/user_repository.go:110.16,112.3 1 0
testcontainers-demo/repository/user_repository.go:114.2,114.23 1 1
testcontainers-demo/repository/user_repository.go:114.23,116.3 1 1
testcontainers-demo/repository/user_repository.go:118.2,118.12 1 1
testcontainers-demo/repository/user_repository.go:122.47,126.16 3 1
testcontainers-demo/repository/user_repository.go:126.16,128.3 1 0
testcontainers-demo/repository/user_repository.go:130.2,131.16 2 1
testcontainers-demo/repository/user_repository.go:131.16,133.3 1 0
testcontainers-demo/repository/user_repository.go:135.2,135.23 1 1
testcontainers-demo/repository/user_repository.go:135.23,137.3 1 1
testcontainers-demo/repository/user_repository.go:139.2,139.12 1 1
testcontainers-demo/repository/user_repository.go:143.56,147.16 3 1
testcontainers-demo/repository/user_repository.go:147.16,149.3 1 0
testcontainers-demo/repository/user_repository.go:150.2,153.18 3 1
testcontainers-demo/repository/user_repository.go:153.18,156.17 3 1
testcontainers-demo/repository/user_repository.go:156.17,158.4 1 0
testcontainers-demo/repository/user_repository.go:159.3,159.30 1 1
testcontainers-demo/repository/user_repository.go:162.2,162.34 1 1
testcontainers-demo/repository/user_repository.go:162.34,164.3 1 0
testcontainers-demo/repository/user_repository.go:166.2,166.19 1 1
testcontainers-demo/repository/user_repository.go:174.83,178.16 3 1
testcontainers-demo/repository/user_repository.go:178.16,180.3 1 0
testcontainers-demo/repository/user_repository.go:181.2,184.18 3 1
testcontainers-demo/repository/user_repository.go:184.18,187.17 3 1
testcontainers-demo/repository/user_repository.go:187.17,189.4 1 0
testcontainers-demo/repository/user_repository.go:190.3,190.30 1 1
testcontainers-demo/repository/user_repository.go:193.2,193.34 1 1
testcontainers-demo/repository/user_repository.go:193.34,195.3 1 0
testcontainers-demo/repository/user_repository.go:197.2,197.19 1 1
testcontainers-demo/repository/user_repository.go:201.52,206.16 4 1
testcontainers-demo/repository/user_repository.go:206.16,208.3 1 0
testcontainers-demo/repository/user_repository.go:210.2,210.19 1 1
testcontainers-demo/repository/user_repository.go:214.74,223.16 3 1
testcontainers-demo/repository/user_repository.go:223.16,225.3 1 0
testcontainers-demo/repository/user_repository.go:226.2,229.18 3 1
testcontainers-demo/repository/user_repository.go:229.18,232.17 3 1
testcontainers-demo/repository/user_repository.go:232.17,234.4 1 0
testcontainers-demo/repository/user_repository.go:235.3,235.30 1 1
testcontainers-demo/repository/user_repository.go:238.2,238.34 1 1
testcontainers-demo/repository/user_repository.go:238.34,240.3 1 0
testcontainers-demo/repository/user_repository.go:242.2,242.19 1 1
testcontainers-demo/repository/user_repository.go:250.67,253.16 2 1
testcontainers-demo/repository/user_repository.go:253.16,255.3 1 0
testcontainers-demo/repository/user_repository.go:258.2,258.15 1 1
testcontainers-demo/repository/user_repository.go:258.15,259.17 1 1
testcontainers-demo/repository/user_repository.go:259.17,261.4 1 0
testcontainers-demo/repository/user_repository.go:265.2,268.16 3 1
testcontainers-demo/repository/user_repository.go:268.16,270.3 1 0
testcontainers-demo/repository/user_repository.go:273.2,274.16 2 1
testcontainers-demo/repository/user_repository.go:274.16,276.3 1 0
testcontainers-demo/repository/user_repository.go:278.2,279.16 2 1
testcontainers-demo/repository/user_repository.go:279.16,281.3 1 0
testcontainers-demo/repository/user_repository.go:283.2,283.23 1 1
testcontainers-demo/repository/user_repository.go:283.23,285.3 1 1
testcontainers-demo/repository/user_repository.go:288.2,289.16 2 1
testcontainers-demo/repository/user_repository.go:289.16,291.3 1 0
testcontainers-demo/repository/user_repository.go:294.2,295.16 2 1
testcontainers-demo/repository/user_repository.go:295.16,297.3 1 0
testcontainers-demo/repository/user_repository.go:299.2,299.12 1 1
testcontainers-demo/repository/user_repository.go:313.85,318.2 1 1
testcontainers-demo/repository/user_repository.go:321.76,327.16 4 1
testcontainers-demo/repository/user_repository.go:327.16,329.63 2 1
testcontainers-demo/repository/user_repository.go:329.63,331.4 1 1
testcontainers-demo/repository/user_repository.go:335.2,336.16 2 1
testcontainers-demo/repository/user_repository.go:336.16,338.3 1 0
testcontainers-demo/repository/user_repository.go:341.2,342.16 2 1
testcontainers-demo/repository/user_repository.go:342.16,344.3 1 1
testcontainers-demo/repository/user_repository.go:346.2,346.18 1 1
testcontainers-demo/repository/user_repository.go:350.72,361.26 4 1
testcontainers-demo/repository/user_repository.go:361.26,363.3 1 0
testcontainers-demo/repository/user_repository.go:364.2,364.16 1 1
testcontainers-demo/repository/user_repository.go:364.16,366.3 1 0
testcontainers-demo/repository/user_repository.go:368.2,368.19 1 1
testcontainers-demo/repository/user_repository.go:372.62,376.2 3 1
